JetBrains Amper version 0.3.1+b6fbf1d
running on Mac OS X 14.5 jvm arch aarch64

00:01.046 DEBUG :shared:resolveDependenciesJvm ResolveExternalDependenciesTask resolve dependencies shared -- jvm -- io.ktor:ktor-client-cio:2.3.11 io.ktor:ktor-client-content-negotiation:2.3.11 io.ktor:ktor-client-core:2.3.11 io.ktor:ktor-serialization-kotlinx-json:2.3.11 org.jetbrains.kotlin:kotlin-stdlib:2.0.0 org.jetbrains.kotlinx:kotlinx-serialization-json:1.5.1 --  -- resolvePlatform=jvm nativeTarget=null
00:01.046 DEBUG :shared:resolveDependenciesJvmTest ResolveExternalDependenciesTask resolve dependencies shared -- jvm jvmTest -- io.ktor:ktor-client-cio:2.3.11 io.ktor:ktor-client-content-negotiation:2.3.11 io.ktor:ktor-client-core:2.3.11 io.ktor:ktor-serialization-kotlinx-json:2.3.11 org.jetbrains.kotlin:kotlin-stdlib:2.0.0 org.jetbrains.kotlin:kotlin-test-junit:2.0.0 org.jetbrains.kotlin:kotlin-test:2.0.0 org.jetbrains.kotlinx:kotlinx-coroutines-test:1.8.0 org.jetbrains.kotlinx:kotlinx-serialization-json:1.5.1 --  -- resolvePlatform=jvm nativeTarget=null
00:01.067 DEBUG :shared:resolveDependenciesJvmTest ExecuteOnChangedInputs    INC: up-to-date according to state file at '/Users/charlie/Documents/dev/centyllion/BlackMagicRestControlUI/build/incremental.state/_shared_resolveDependenciesJvmTest-f5eeb214f7' in 12.746834ms
00:01.067 DEBUG :shared:resolveDependenciesJvm ExecuteOnChangedInputs    INC: up-to-date according to state file at '/Users/charlie/Documents/dev/centyllion/BlackMagicRestControlUI/build/incremental.state/_shared_resolveDependenciesJvm-48ecb3424a' in 12.737625ms
00:01.067 INFO  :shared:resolveDependenciesJvmTest ExecuteOnChangedInputs    ':shared:resolveDependenciesJvmTest' is up-to-date
00:01.067 INFO  :shared:resolveDependenciesJvm ExecuteOnChangedInputs    ':shared:resolveDependenciesJvm' is up-to-date
00:01.076 DEBUG :shared:resolveDependenciesJvm ResolveExternalDependenciesTask resolve dependencies shared -- jvm -- io.ktor:ktor-client-core:2.3.11 io.ktor:ktor-client-cio:2.3.11 io.ktor:ktor-client-content-negotiation:2.3.11 io.ktor:ktor-serialization-kotlinx-json:2.3.11 org.jetbrains.kotlin:kotlin-stdlib:2.0.0 org.jetbrains.kotlinx:kotlinx-serialization-json:1.5.1 -- resolvePlatform=JVM nativeTarget=null
https://repo1.maven.org/maven2 https://maven.google.com https://maven.pkg.jetbrains.space/public/p/compose/dev resolved to:
  .m2.cache/org/jetbrains/kotlin/kotlin-stdlib/2.0.0/kotlin-stdlib-2.0.0.jar
  .m2.cache/io/ktor/ktor-client-core-jvm/2.3.11/ktor-client-core-jvm-2.3.11.jar
  .m2.cache/io/ktor/ktor-client-cio-jvm/2.3.11/ktor-client-cio-jvm-2.3.11.jar
  .m2.cache/io/ktor/ktor-client-content-negotiation-jvm/2.3.11/ktor-client-content-negotiation-jvm-2.3.11.jar
  .m2.cache/io/ktor/ktor-serialization-kotlinx-json-jvm/2.3.11/ktor-serialization-kotlinx-json-jvm-2.3.11.jar
  .m2.cache/org/jetbrains/annotations/23.0.0/annotations-23.0.0.jar
  .m2.cache/org/jetbrains/kotlinx/kotlinx-serialization-json-jvm/1.5.1/kotlinx-serialization-json-jvm-1.5.1.jar
  .m2.cache/org/jetbrains/kotlin/kotlin-stdlib-jdk7/1.8.22/kotlin-stdlib-jdk7-1.8.22.jar
  .m2.cache/org/jetbrains/kotlin/kotlin-stdlib-jdk8/1.8.22/kotlin-stdlib-jdk8-1.8.22.jar
  .m2.cache/org/jetbrains/kotlinx/kotlinx-coroutines-jdk8/1.7.1/kotlinx-coroutines-jdk8-1.7.1.jar
  .m2.cache/org/slf4j/slf4j-api/1.7.36/slf4j-api-1.7.36.jar
  .m2.cache/org/jetbrains/kotlin/kotlin-stdlib-common/1.8.22/kotlin-stdlib-common-1.8.22.jar
  .m2.cache/org/jetbrains/kotlinx/kotlinx-coroutines-core-jvm/1.7.1/kotlinx-coroutines-core-jvm-1.7.1.jar
  .m2.cache/io/ktor/ktor-http-jvm/2.3.11/ktor-http-jvm-2.3.11.jar
  .m2.cache/io/ktor/ktor-events-jvm/2.3.11/ktor-events-jvm-2.3.11.jar
  .m2.cache/io/ktor/ktor-websocket-serialization-jvm/2.3.11/ktor-websocket-serialization-jvm-2.3.11.jar
  .m2.cache/io/ktor/ktor-http-cio-jvm/2.3.11/ktor-http-cio-jvm-2.3.11.jar
  .m2.cache/io/ktor/ktor-websockets-jvm/2.3.11/ktor-websockets-jvm-2.3.11.jar
  .m2.cache/io/ktor/ktor-network-tls-jvm/2.3.11/ktor-network-tls-jvm-2.3.11.jar
  .m2.cache/io/ktor/ktor-serialization-jvm/2.3.11/ktor-serialization-jvm-2.3.11.jar
  .m2.cache/io/ktor/ktor-serialization-kotlinx-jvm/2.3.11/ktor-serialization-kotlinx-jvm-2.3.11.jar
  .m2.cache/org/jetbrains/kotlinx/kotlinx-serialization-core-jvm/1.5.1/kotlinx-serialization-core-jvm-1.5.1.jar
  .m2.cache/io/ktor/ktor-utils-jvm/2.3.11/ktor-utils-jvm-2.3.11.jar
  .m2.cache/io/ktor/ktor-network-jvm/2.3.11/ktor-network-jvm-2.3.11.jar
  .m2.cache/io/ktor/ktor-io-jvm/2.3.11/ktor-io-jvm-2.3.11.jar
00:01.076 DEBUG :shared:resolveDependenciesJvmTest ResolveExternalDependenciesTask resolve dependencies shared -- jvm jvmTest -- io.ktor:ktor-client-core:2.3.11 io.ktor:ktor-client-cio:2.3.11 io.ktor:ktor-client-content-negotiation:2.3.11 io.ktor:ktor-serialization-kotlinx-json:2.3.11 org.jetbrains.kotlin:kotlin-stdlib:2.0.0 org.jetbrains.kotlinx:kotlinx-serialization-json:1.5.1 org.jetbrains.kotlin:kotlin-test:2.0.0 org.jetbrains.kotlinx:kotlinx-coroutines-test:1.8.0 org.jetbrains.kotlin:kotlin-test-junit:2.0.0 -- resolvePlatform=JVM nativeTarget=null
https://repo1.maven.org/maven2 https://maven.google.com https://maven.pkg.jetbrains.space/public/p/compose/dev resolved to:
  .m2.cache/org/jetbrains/kotlin/kotlin-stdlib/2.0.0/kotlin-stdlib-2.0.0.jar
  .m2.cache/org/jetbrains/kotlin/kotlin-test/2.0.0/kotlin-test-2.0.0.jar
  .m2.cache/org/jetbrains/kotlin/kotlin-test-junit/2.0.0/kotlin-test-junit-2.0.0.jar
  .m2.cache/io/ktor/ktor-client-core-jvm/2.3.11/ktor-client-core-jvm-2.3.11.jar
  .m2.cache/io/ktor/ktor-client-cio-jvm/2.3.11/ktor-client-cio-jvm-2.3.11.jar
  .m2.cache/io/ktor/ktor-client-content-negotiation-jvm/2.3.11/ktor-client-content-negotiation-jvm-2.3.11.jar
  .m2.cache/io/ktor/ktor-serialization-kotlinx-json-jvm/2.3.11/ktor-serialization-kotlinx-json-jvm-2.3.11.jar
  .m2.cache/org/jetbrains/annotations/23.0.0/annotations-23.0.0.jar
  .m2.cache/org/jetbrains/kotlinx/kotlinx-serialization-json-jvm/1.5.1/kotlinx-serialization-json-jvm-1.5.1.jar
  .m2.cache/org/jetbrains/kotlinx/kotlinx-coroutines-test-jvm/1.8.0/kotlinx-coroutines-test-jvm-1.8.0.jar
  .m2.cache/junit/junit/4.13.2/junit-4.13.2.jar
  .m2.cache/org/jetbrains/kotlin/kotlin-stdlib-jdk7/1.8.22/kotlin-stdlib-jdk7-1.8.22.jar
  .m2.cache/org/jetbrains/kotlin/kotlin-stdlib-jdk8/1.8.22/kotlin-stdlib-jdk8-1.8.22.jar
  .m2.cache/org/jetbrains/kotlinx/kotlinx-coroutines-jdk8/1.7.1/kotlinx-coroutines-jdk8-1.7.1.jar
  .m2.cache/org/slf4j/slf4j-api/1.7.36/slf4j-api-1.7.36.jar
  .m2.cache/org/jetbrains/kotlin/kotlin-stdlib-common/1.8.22/kotlin-stdlib-common-1.8.22.jar
  .m2.cache/org/hamcrest/hamcrest-core/1.3/hamcrest-core-1.3.jar
  .m2.cache/org/jetbrains/kotlinx/kotlinx-coroutines-core-jvm/1.8.0/kotlinx-coroutines-core-jvm-1.8.0.jar
  .m2.cache/io/ktor/ktor-http-jvm/2.3.11/ktor-http-jvm-2.3.11.jar
  .m2.cache/io/ktor/ktor-events-jvm/2.3.11/ktor-events-jvm-2.3.11.jar
  .m2.cache/io/ktor/ktor-websocket-serialization-jvm/2.3.11/ktor-websocket-serialization-jvm-2.3.11.jar
  .m2.cache/io/ktor/ktor-http-cio-jvm/2.3.11/ktor-http-cio-jvm-2.3.11.jar
  .m2.cache/io/ktor/ktor-websockets-jvm/2.3.11/ktor-websockets-jvm-2.3.11.jar
  .m2.cache/io/ktor/ktor-network-tls-jvm/2.3.11/ktor-network-tls-jvm-2.3.11.jar
  .m2.cache/io/ktor/ktor-serialization-jvm/2.3.11/ktor-serialization-jvm-2.3.11.jar
  .m2.cache/io/ktor/ktor-serialization-kotlinx-jvm/2.3.11/ktor-serialization-kotlinx-jvm-2.3.11.jar
  .m2.cache/org/jetbrains/kotlinx/kotlinx-serialization-core-jvm/1.5.1/kotlinx-serialization-core-jvm-1.5.1.jar
  .m2.cache/io/ktor/ktor-utils-jvm/2.3.11/ktor-utils-jvm-2.3.11.jar
  .m2.cache/io/ktor/ktor-network-jvm/2.3.11/ktor-network-jvm-2.3.11.jar
  .m2.cache/io/ktor/ktor-io-jvm/2.3.11/ktor-io-jvm-2.3.11.jar
00:01.080 DEBUG :shared:compileJvm        JvmCompileTask            compile shared -- jvm
00:01.090 DEBUG :shared:compileJvm        ExtractKt                 Skipping extract to /Users/charlie/Library/Caches/Amper/extract.cache/34yizgofu6-amazon-corretto-21.0.1.12.1-macosx-aarch64.tar.gz.18schu.d since flag file /Users/charlie/Library/Caches/Amper/extract.cache/34yizgofu6-amazon-corretto-21.0.1.12.1-macosx-aarch64.tar.gz.18schu.d.flag is correct
00:01.096 DEBUG :shared:compileJvm        ExecuteOnChangedInputs    INC: up-to-date according to state file at '/Users/charlie/Documents/dev/centyllion/BlackMagicRestControlUI/build/incremental.state/_shared_compileJvm-0cf1dbbf84' in 1.786125ms
00:01.096 INFO  :shared:compileJvm        ExecuteOnChangedInputs    ':shared:compileJvm' is up-to-date
00:01.100 DEBUG :shared:compileJvmTest    JvmCompileTask            compile shared -- jvmTest
00:01.101 DEBUG :shared:compileJvmTest    ExtractKt                 Skipping extract to /Users/charlie/Library/Caches/Amper/extract.cache/34yizgofu6-amazon-corretto-21.0.1.12.1-macosx-aarch64.tar.gz.18schu.d since flag file /Users/charlie/Library/Caches/Amper/extract.cache/34yizgofu6-amazon-corretto-21.0.1.12.1-macosx-aarch64.tar.gz.18schu.d.flag is correct
00:01.103 DEBUG :shared:compileJvmTest    ExecuteOnChangedInputs    INC: up-to-date according to state file at '/Users/charlie/Documents/dev/centyllion/BlackMagicRestControlUI/build/incremental.state/_shared_compileJvmTest-1287b54c64' in 1.898750ms
00:01.103 INFO  :shared:compileJvmTest    ExecuteOnChangedInputs    ':shared:compileJvmTest' is up-to-date
