JetBrains Amper version 0.3.1+b6fbf1d
running on Mac OS X 14.5 jvm arch aarch64

00:01.459 DEBUG :shared:resolveDependenciesJvm ResolveExternalDependenciesTask resolve dependencies shared -- jvm -- io.ktor:ktor-client-cio:2.3.11 io.ktor:ktor-client-content-negotiation:2.3.11 io.ktor:ktor-client-core:2.3.11 io.ktor:ktor-serialization-kotlinx-json:2.3.11 org.jetbrains.compose.foundation:foundation:1.6.10 org.jetbrains.jewel:jewel-int-ui-standalone:0.15.2 org.jetbrains.kotlin:kotlin-stdlib:2.0.0 org.jetbrains.kotlinx:kotlinx-serialization-json:1.5.1 --  -- resolvePlatform=jvm nativeTarget=null
00:01.459 DEBUG :jvm-app:resolveDependenciesJvm ResolveExternalDependenciesTask resolve dependencies jvm-app -- jvm -- org.jetbrains.compose.desktop:desktop-jvm-macos-arm64:1.6.10 org.jetbrains.kotlin:kotlin-stdlib:2.0.0 --  -- resolvePlatform=jvm nativeTarget=null
00:01.479 DEBUG :shared:resolveDependenciesJvm ExecuteOnChangedInputs    INC: state file has a wrong configuration at '/Users/charlie/Documents/dev/centyllion/BlackMagicRestControlUI/build/incremental.state/_shared_resolveDependenciesJvm-48ecb3424a' -> rebuilding
  old: {dependencies=io.ktor:ktor-client-core:2.3.11|io.ktor:ktor-client-cio:2.3.11|io.ktor:ktor-client-content-negotiation:2.3.11|io.ktor:ktor-serialization-kotlinx-json:2.3.11|org.jetbrains.compose.foundation:foundation:1.6.10|org.jetbrains.compose.material3:material3:1.6.10|org.jetbrains.kotlin:kotlin-stdlib:2.0.0|org.jetbrains.kotlinx:kotlinx-serialization-json:1.5.1, repositories=https://repo1.maven.org/maven2|https://maven.google.com|https://maven.pkg.jetbrains.space/public/p/compose/dev, resolveNativeTarget=, resolvePlatform=jvm, userCacheRoot=/Users/charlie/Library/Caches/Amper}
  new: {userCacheRoot=/Users/charlie/Library/Caches/Amper, dependencies=io.ktor:ktor-client-core:2.3.11|io.ktor:ktor-client-cio:2.3.11|io.ktor:ktor-client-content-negotiation:2.3.11|io.ktor:ktor-serialization-kotlinx-json:2.3.11|org.jetbrains.compose.foundation:foundation:1.6.10|org.jetbrains.jewel:jewel-int-ui-standalone:0.15.2|org.jetbrains.kotlin:kotlin-stdlib:2.0.0|org.jetbrains.kotlinx:kotlinx-serialization-json:1.5.1, repositories=https://repo1.maven.org/maven2|https://maven.google.com|https://maven.pkg.jetbrains.space/public/p/compose/dev|https://packages.jetbrains.team/maven/p/kpm/public/, resolvePlatform=jvm, resolveNativeTarget=}
00:01.480 INFO  :shared:resolveDependenciesJvm ExecuteOnChangedInputs    building ':shared:resolveDependenciesJvm'
00:01.482 DEBUG :jvm-app:resolveDependenciesJvm ExecuteOnChangedInputs    INC: up-to-date according to state file at '/Users/charlie/Documents/dev/centyllion/BlackMagicRestControlUI/build/incremental.state/_jvm_app_resolveDependenciesJvm-6e72cf371b' in 14.666250ms
00:01.483 INFO  :jvm-app:resolveDependenciesJvm ExecuteOnChangedInputs    ':jvm-app:resolveDependenciesJvm' is up-to-date
00:01.492 DEBUG :jvm-app:resolveDependenciesJvm ResolveExternalDependenciesTask resolve dependencies jvm-app -- jvm -- org.jetbrains.compose.desktop:desktop-jvm-macos-arm64:1.6.10 org.jetbrains.kotlin:kotlin-stdlib:2.0.0 -- resolvePlatform=JVM nativeTarget=null
https://repo1.maven.org/maven2 https://maven.google.com https://maven.pkg.jetbrains.space/public/p/compose/dev resolved to:
  .m2.cache/org/jetbrains/kotlin/kotlin-stdlib/2.0.0/kotlin-stdlib-2.0.0.jar
  .m2.cache/org/jetbrains/annotations/23.0.0/annotations-23.0.0.jar
  .m2.cache/org/jetbrains/compose/desktop/desktop-jvm/1.6.10/desktop-jvm-1.6.10.jar
  .m2.cache/org/jetbrains/compose/foundation/foundation-desktop/1.6.10/foundation-desktop-1.6.10.jar
  .m2.cache/org/jetbrains/compose/material/material-desktop/1.6.10/material-desktop-1.6.10.jar
  .m2.cache/org/jetbrains/compose/runtime/runtime-desktop/1.6.10/runtime-desktop-1.6.10.jar
  .m2.cache/org/jetbrains/compose/ui/ui-desktop/1.6.10/ui-desktop-1.6.10.jar
  .m2.cache/org/jetbrains/compose/ui/ui-tooling-preview-desktop/1.6.10/ui-tooling-preview-desktop-1.6.10.jar
  .m2.cache/org/jetbrains/compose/animation/animation-desktop/1.6.10/animation-desktop-1.6.10.jar
  .m2.cache/org/jetbrains/skiko/skiko-awt/0.8.4/skiko-awt-0.8.4.jar
  .m2.cache/org/jetbrains/compose/animation/animation-core-desktop/1.6.10/animation-core-desktop-1.6.10.jar
  .m2.cache/org/jetbrains/compose/material/material-icons-core-desktop/1.6.10/material-icons-core-desktop-1.6.10.jar
  .m2.cache/org/jetbrains/compose/material/material-ripple-desktop/1.6.10/material-ripple-desktop-1.6.10.jar
  .m2.cache/org/jetbrains/compose/ui/ui-text-desktop/1.6.10/ui-text-desktop-1.6.10.jar
  .m2.cache/org/jetbrains/kotlinx/kotlinx-coroutines-core-jvm/1.8.0/kotlinx-coroutines-core-jvm-1.8.0.jar
  .m2.cache/org/jetbrains/compose/runtime/runtime-saveable-desktop/1.6.10/runtime-saveable-desktop-1.6.10.jar
  .m2.cache/org/jetbrains/compose/ui/ui-geometry-desktop/1.6.10/ui-geometry-desktop-1.6.10.jar
  .m2.cache/org/jetbrains/compose/ui/ui-graphics-desktop/1.6.10/ui-graphics-desktop-1.6.10.jar
  .m2.cache/org/jetbrains/compose/ui/ui-unit-desktop/1.6.10/ui-unit-desktop-1.6.10.jar
  .m2.cache/org/jetbrains/compose/ui/ui-util-desktop/1.6.10/ui-util-desktop-1.6.10.jar
  .m2.cache/org/jetbrains/compose/foundation/foundation-layout-desktop/1.6.10/foundation-layout-desktop-1.6.10.jar
00:02.009 DEBUG :shared:resolveDependenciesJvm DependencyFile            Not found URL: https://repo1.maven.org/maven2/org/jetbrains/jewel/jewel-int-ui-standalone/0.15.2/jewel-int-ui-standalone-0.15.2.pom
00:02.171 DEBUG :shared:resolveDependenciesJvm DependencyFile            Not found URL: https://maven.google.com/org/jetbrains/jewel/jewel-int-ui-standalone/0.15.2/jewel-int-ui-standalone-0.15.2.pom
00:02.315 DEBUG :shared:resolveDependenciesJvm DependencyFile            Not found URL: https://maven.pkg.jetbrains.space/public/p/compose/dev/org/jetbrains/jewel/jewel-int-ui-standalone/0.15.2/jewel-int-ui-standalone-0.15.2.pom
00:03.130 DEBUG :shared:resolveDependenciesJvm DependencyFile            Downloaded https://packages.jetbrains.team/maven/p/kpm/public/org/jetbrains/jewel/jewel-int-ui-standalone/0.15.2/jewel-int-ui-standalone-0.15.2.pom for the dependency org.jetbrains.jewel:jewel-int-ui-standalone:0.15.2
00:03.322 DEBUG :shared:resolveDependenciesJvm DependencyFile            Downloaded https://packages.jetbrains.team/maven/p/kpm/public/org/jetbrains/jewel/jewel-int-ui-standalone/0.15.2/jewel-int-ui-standalone-0.15.2.pom.sha512 for the dependency org.jetbrains.jewel:jewel-int-ui-standalone:0.15.2
00:03.487 DEBUG :shared:resolveDependenciesJvm DependencyFile            Not found URL: https://repo1.maven.org/maven2/org/jetbrains/jewel/jewel-int-ui-standalone/0.15.2/jewel-int-ui-standalone-0.15.2.module
00:03.642 DEBUG :shared:resolveDependenciesJvm DependencyFile            Not found URL: https://maven.google.com/org/jetbrains/jewel/jewel-int-ui-standalone/0.15.2/jewel-int-ui-standalone-0.15.2.module
00:03.782 DEBUG :shared:resolveDependenciesJvm DependencyFile            Not found URL: https://maven.pkg.jetbrains.space/public/p/compose/dev/org/jetbrains/jewel/jewel-int-ui-standalone/0.15.2/jewel-int-ui-standalone-0.15.2.module
00:04.281 DEBUG :shared:resolveDependenciesJvm DependencyFile            Downloaded https://packages.jetbrains.team/maven/p/kpm/public/org/jetbrains/jewel/jewel-int-ui-standalone/0.15.2/jewel-int-ui-standalone-0.15.2.module for the dependency org.jetbrains.jewel:jewel-int-ui-standalone:0.15.2
00:04.460 DEBUG :shared:resolveDependenciesJvm DependencyFile            Downloaded https://packages.jetbrains.team/maven/p/kpm/public/org/jetbrains/jewel/jewel-int-ui-standalone/0.15.2/jewel-int-ui-standalone-0.15.2.module.sha512 for the dependency org.jetbrains.jewel:jewel-int-ui-standalone:0.15.2
00:04.630 DEBUG :shared:resolveDependenciesJvm DependencyFile            Not found URL: https://repo1.maven.org/maven2/org/jetbrains/jewel/jewel-ui/0.15.2/jewel-ui-0.15.2.pom
00:04.824 DEBUG :shared:resolveDependenciesJvm DependencyFile            Not found URL: https://maven.google.com/org/jetbrains/jewel/jewel-ui/0.15.2/jewel-ui-0.15.2.pom
00:04.959 DEBUG :shared:resolveDependenciesJvm DependencyFile            Not found URL: https://maven.pkg.jetbrains.space/public/p/compose/dev/org/jetbrains/jewel/jewel-ui/0.15.2/jewel-ui-0.15.2.pom
00:05.366 DEBUG :shared:resolveDependenciesJvm DependencyFile            Downloaded https://packages.jetbrains.team/maven/p/kpm/public/org/jetbrains/jewel/jewel-ui/0.15.2/jewel-ui-0.15.2.pom for the dependency org.jetbrains.jewel:jewel-ui:0.15.2
00:05.553 DEBUG :shared:resolveDependenciesJvm DependencyFile            Downloaded https://packages.jetbrains.team/maven/p/kpm/public/org/jetbrains/jewel/jewel-ui/0.15.2/jewel-ui-0.15.2.pom.sha512 for the dependency org.jetbrains.jewel:jewel-ui:0.15.2
00:05.721 DEBUG :shared:resolveDependenciesJvm DependencyFile            Not found URL: https://repo1.maven.org/maven2/org/jetbrains/jewel/jewel-ui/0.15.2/jewel-ui-0.15.2.module
00:05.874 DEBUG :shared:resolveDependenciesJvm DependencyFile            Not found URL: https://maven.google.com/org/jetbrains/jewel/jewel-ui/0.15.2/jewel-ui-0.15.2.module
00:06.008 DEBUG :shared:resolveDependenciesJvm DependencyFile            Not found URL: https://maven.pkg.jetbrains.space/public/p/compose/dev/org/jetbrains/jewel/jewel-ui/0.15.2/jewel-ui-0.15.2.module
00:06.442 DEBUG :shared:resolveDependenciesJvm DependencyFile            Downloaded https://packages.jetbrains.team/maven/p/kpm/public/org/jetbrains/jewel/jewel-ui/0.15.2/jewel-ui-0.15.2.module for the dependency org.jetbrains.jewel:jewel-ui:0.15.2
00:06.646 DEBUG :shared:resolveDependenciesJvm DependencyFile            Downloaded https://packages.jetbrains.team/maven/p/kpm/public/org/jetbrains/jewel/jewel-ui/0.15.2/jewel-ui-0.15.2.module.sha512 for the dependency org.jetbrains.jewel:jewel-ui:0.15.2
00:06.800 DEBUG :shared:resolveDependenciesJvm DependencyFile            Not found URL: https://repo1.maven.org/maven2/org/jetbrains/jewel/jewel-foundation/0.15.2/jewel-foundation-0.15.2.pom
00:06.945 DEBUG :shared:resolveDependenciesJvm DependencyFile            Not found URL: https://maven.google.com/org/jetbrains/jewel/jewel-foundation/0.15.2/jewel-foundation-0.15.2.pom
00:07.079 DEBUG :shared:resolveDependenciesJvm DependencyFile            Not found URL: https://maven.pkg.jetbrains.space/public/p/compose/dev/org/jetbrains/jewel/jewel-foundation/0.15.2/jewel-foundation-0.15.2.pom
00:07.502 DEBUG :shared:resolveDependenciesJvm DependencyFile            Downloaded https://packages.jetbrains.team/maven/p/kpm/public/org/jetbrains/jewel/jewel-foundation/0.15.2/jewel-foundation-0.15.2.pom for the dependency org.jetbrains.jewel:jewel-foundation:0.15.2
00:07.740 DEBUG :shared:resolveDependenciesJvm DependencyFile            Downloaded https://packages.jetbrains.team/maven/p/kpm/public/org/jetbrains/jewel/jewel-foundation/0.15.2/jewel-foundation-0.15.2.pom.sha512 for the dependency org.jetbrains.jewel:jewel-foundation:0.15.2
00:07.904 DEBUG :shared:resolveDependenciesJvm DependencyFile            Not found URL: https://repo1.maven.org/maven2/org/jetbrains/jewel/jewel-foundation/0.15.2/jewel-foundation-0.15.2.module
00:08.048 DEBUG :shared:resolveDependenciesJvm DependencyFile            Not found URL: https://maven.google.com/org/jetbrains/jewel/jewel-foundation/0.15.2/jewel-foundation-0.15.2.module
00:08.191 DEBUG :shared:resolveDependenciesJvm DependencyFile            Not found URL: https://maven.pkg.jetbrains.space/public/p/compose/dev/org/jetbrains/jewel/jewel-foundation/0.15.2/jewel-foundation-0.15.2.module
00:08.620 DEBUG :shared:resolveDependenciesJvm DependencyFile            Downloaded https://packages.jetbrains.team/maven/p/kpm/public/org/jetbrains/jewel/jewel-foundation/0.15.2/jewel-foundation-0.15.2.module for the dependency org.jetbrains.jewel:jewel-foundation:0.15.2
00:08.798 DEBUG :shared:resolveDependenciesJvm DependencyFile            Downloaded https://packages.jetbrains.team/maven/p/kpm/public/org/jetbrains/jewel/jewel-foundation/0.15.2/jewel-foundation-0.15.2.module.sha512 for the dependency org.jetbrains.jewel:jewel-foundation:0.15.2
00:08.851 DEBUG :shared:resolveDependenciesJvm DependencyFile            Not found URL: https://repo1.maven.org/maven2/org/jetbrains/compose/foundation/foundation-desktop/1.6.10-dev1549/foundation-desktop-1.6.10-dev1549.pom
00:08.992 DEBUG :shared:resolveDependenciesJvm DependencyFile            Not found URL: https://maven.google.com/org/jetbrains/compose/foundation/foundation-desktop/1.6.10-dev1549/foundation-desktop-1.6.10-dev1549.pom
00:09.278 DEBUG :shared:resolveDependenciesJvm DependencyFile            Downloaded https://maven.pkg.jetbrains.space/public/p/compose/dev/org/jetbrains/compose/foundation/foundation-desktop/1.6.10-dev1549/foundation-desktop-1.6.10-dev1549.pom for the dependency org.jetbrains.compose.foundation:foundation-desktop:1.6.10-dev1549
00:09.435 DEBUG :shared:resolveDependenciesJvm DependencyFile            Downloaded https://maven.pkg.jetbrains.space/public/p/compose/dev/org/jetbrains/compose/foundation/foundation-desktop/1.6.10-dev1549/foundation-desktop-1.6.10-dev1549.pom.sha512 for the dependency org.jetbrains.compose.foundation:foundation-desktop:1.6.10-dev1549
00:09.487 DEBUG :shared:resolveDependenciesJvm DependencyFile            Not found URL: https://repo1.maven.org/maven2/org/jetbrains/compose/foundation/foundation-desktop/1.6.10-dev1549/foundation-desktop-1.6.10-dev1549.module
00:09.628 DEBUG :shared:resolveDependenciesJvm DependencyFile            Not found URL: https://maven.google.com/org/jetbrains/compose/foundation/foundation-desktop/1.6.10-dev1549/foundation-desktop-1.6.10-dev1549.module
00:09.851 DEBUG :shared:resolveDependenciesJvm DependencyFile            Downloaded https://maven.pkg.jetbrains.space/public/p/compose/dev/org/jetbrains/compose/foundation/foundation-desktop/1.6.10-dev1549/foundation-desktop-1.6.10-dev1549.module for the dependency org.jetbrains.compose.foundation:foundation-desktop:1.6.10-dev1549
00:10.008 DEBUG :shared:resolveDependenciesJvm DependencyFile            Downloaded https://maven.pkg.jetbrains.space/public/p/compose/dev/org/jetbrains/compose/foundation/foundation-desktop/1.6.10-dev1549/foundation-desktop-1.6.10-dev1549.module.sha512 for the dependency org.jetbrains.compose.foundation:foundation-desktop:1.6.10-dev1549
00:10.068 DEBUG :shared:resolveDependenciesJvm DependencyFile            Not found URL: https://repo1.maven.org/maven2/org/jetbrains/compose/runtime/runtime/1.6.10-dev1549/runtime-1.6.10-dev1549.pom
00:10.068 DEBUG :shared:resolveDependenciesJvm DependencyFile            Not found URL: https://repo1.maven.org/maven2/org/jetbrains/compose/animation/animation/1.6.10-dev1549/animation-1.6.10-dev1549.pom
00:10.069 DEBUG :shared:resolveDependenciesJvm DependencyFile            Not found URL: https://repo1.maven.org/maven2/org/jetbrains/compose/ui/ui/1.6.10-dev1549/ui-1.6.10-dev1549.pom
00:10.218 DEBUG :shared:resolveDependenciesJvm DependencyFile            Not found URL: https://maven.google.com/org/jetbrains/compose/ui/ui/1.6.10-dev1549/ui-1.6.10-dev1549.pom
00:10.222 DEBUG :shared:resolveDependenciesJvm DependencyFile            Not found URL: https://maven.google.com/org/jetbrains/compose/animation/animation/1.6.10-dev1549/animation-1.6.10-dev1549.pom
00:10.224 DEBUG :shared:resolveDependenciesJvm DependencyFile            Not found URL: https://maven.google.com/org/jetbrains/compose/runtime/runtime/1.6.10-dev1549/runtime-1.6.10-dev1549.pom
00:10.425 DEBUG :shared:resolveDependenciesJvm DependencyFile            Downloaded https://maven.pkg.jetbrains.space/public/p/compose/dev/org/jetbrains/compose/ui/ui/1.6.10-dev1549/ui-1.6.10-dev1549.pom for the dependency org.jetbrains.compose.ui:ui:1.6.10-dev1549
00:10.430 DEBUG :shared:resolveDependenciesJvm DependencyFile            Downloaded https://maven.pkg.jetbrains.space/public/p/compose/dev/org/jetbrains/compose/animation/animation/1.6.10-dev1549/animation-1.6.10-dev1549.pom for the dependency org.jetbrains.compose.animation:animation:1.6.10-dev1549
00:10.436 DEBUG :shared:resolveDependenciesJvm DependencyFile            Downloaded https://maven.pkg.jetbrains.space/public/p/compose/dev/org/jetbrains/compose/runtime/runtime/1.6.10-dev1549/runtime-1.6.10-dev1549.pom for the dependency org.jetbrains.compose.runtime:runtime:1.6.10-dev1549
00:10.592 DEBUG :shared:resolveDependenciesJvm DependencyFile            Downloaded https://maven.pkg.jetbrains.space/public/p/compose/dev/org/jetbrains/compose/ui/ui/1.6.10-dev1549/ui-1.6.10-dev1549.pom.sha512 for the dependency org.jetbrains.compose.ui:ui:1.6.10-dev1549
00:10.595 DEBUG :shared:resolveDependenciesJvm DependencyFile            Downloaded https://maven.pkg.jetbrains.space/public/p/compose/dev/org/jetbrains/compose/animation/animation/1.6.10-dev1549/animation-1.6.10-dev1549.pom.sha512 for the dependency org.jetbrains.compose.animation:animation:1.6.10-dev1549
00:10.604 DEBUG :shared:resolveDependenciesJvm DependencyFile            Downloaded https://maven.pkg.jetbrains.space/public/p/compose/dev/org/jetbrains/compose/runtime/runtime/1.6.10-dev1549/runtime-1.6.10-dev1549.pom.sha512 for the dependency org.jetbrains.compose.runtime:runtime:1.6.10-dev1549
00:10.643 DEBUG :shared:resolveDependenciesJvm DependencyFile            Not found URL: https://repo1.maven.org/maven2/org/jetbrains/compose/animation/animation/1.6.10-dev1549/animation-1.6.10-dev1549.module
00:10.643 DEBUG :shared:resolveDependenciesJvm DependencyFile            Not found URL: https://repo1.maven.org/maven2/org/jetbrains/compose/ui/ui/1.6.10-dev1549/ui-1.6.10-dev1549.module
00:10.654 DEBUG :shared:resolveDependenciesJvm DependencyFile            Not found URL: https://repo1.maven.org/maven2/org/jetbrains/compose/runtime/runtime/1.6.10-dev1549/runtime-1.6.10-dev1549.module
00:10.768 DEBUG :shared:resolveDependenciesJvm DependencyFile            Not found URL: https://maven.google.com/org/jetbrains/compose/animation/animation/1.6.10-dev1549/animation-1.6.10-dev1549.module
00:10.779 DEBUG :shared:resolveDependenciesJvm DependencyFile            Not found URL: https://maven.google.com/org/jetbrains/compose/ui/ui/1.6.10-dev1549/ui-1.6.10-dev1549.module
00:10.789 DEBUG :shared:resolveDependenciesJvm DependencyFile            Not found URL: https://maven.google.com/org/jetbrains/compose/runtime/runtime/1.6.10-dev1549/runtime-1.6.10-dev1549.module
00:10.956 DEBUG :shared:resolveDependenciesJvm DependencyFile            Downloaded https://maven.pkg.jetbrains.space/public/p/compose/dev/org/jetbrains/compose/animation/animation/1.6.10-dev1549/animation-1.6.10-dev1549.module for the dependency org.jetbrains.compose.animation:animation:1.6.10-dev1549
00:10.970 DEBUG :shared:resolveDependenciesJvm DependencyFile            Downloaded https://maven.pkg.jetbrains.space/public/p/compose/dev/org/jetbrains/compose/ui/ui/1.6.10-dev1549/ui-1.6.10-dev1549.module for the dependency org.jetbrains.compose.ui:ui:1.6.10-dev1549
00:11.015 DEBUG :shared:resolveDependenciesJvm DependencyFile            Downloaded https://maven.pkg.jetbrains.space/public/p/compose/dev/org/jetbrains/compose/runtime/runtime/1.6.10-dev1549/runtime-1.6.10-dev1549.module for the dependency org.jetbrains.compose.runtime:runtime:1.6.10-dev1549
00:11.127 DEBUG :shared:resolveDependenciesJvm DependencyFile            Downloaded https://maven.pkg.jetbrains.space/public/p/compose/dev/org/jetbrains/compose/animation/animation/1.6.10-dev1549/animation-1.6.10-dev1549.module.sha512 for the dependency org.jetbrains.compose.animation:animation:1.6.10-dev1549
00:11.128 DEBUG :shared:resolveDependenciesJvm DependencyFile            Downloaded https://maven.pkg.jetbrains.space/public/p/compose/dev/org/jetbrains/compose/ui/ui/1.6.10-dev1549/ui-1.6.10-dev1549.module.sha512 for the dependency org.jetbrains.compose.ui:ui:1.6.10-dev1549
00:11.140 DEBUG :shared:resolveDependenciesJvm DependencyFile            Not found URL: https://maven.pkg.jetbrains.space/public/p/compose/dev/org/jetbrains/compose/runtime/runtime/1.6.10-dev1549/runtime-1.6.10-dev1549.module.sha512
00:11.255 DEBUG :shared:resolveDependenciesJvm DependencyFile            Not found URL: https://packages.jetbrains.team/maven/p/kpm/public/org/jetbrains/compose/animation/animation/1.6.10-dev1549/animation-1.6.10-dev1549.module
00:11.261 DEBUG :shared:resolveDependenciesJvm DependencyFile            Not found URL: https://packages.jetbrains.team/maven/p/kpm/public/org/jetbrains/compose/ui/ui/1.6.10-dev1549/ui-1.6.10-dev1549.module
00:11.295 DEBUG :shared:resolveDependenciesJvm DependencyFile            Downloaded https://maven.pkg.jetbrains.space/public/p/compose/dev/org/jetbrains/compose/runtime/runtime/1.6.10-dev1549/runtime-1.6.10-dev1549.module.sha256 for the dependency org.jetbrains.compose.runtime:runtime:1.6.10-dev1549
00:11.346 DEBUG :shared:resolveDependenciesJvm DependencyFile            Not found URL: https://repo1.maven.org/maven2/org/jetbrains/compose/runtime/runtime-desktop/1.6.10-dev1549/runtime-desktop-1.6.10-dev1549.pom
00:11.481 DEBUG :shared:resolveDependenciesJvm DependencyFile            Not found URL: https://maven.google.com/org/jetbrains/compose/runtime/runtime-desktop/1.6.10-dev1549/runtime-desktop-1.6.10-dev1549.pom
00:11.698 DEBUG :shared:resolveDependenciesJvm DependencyFile            Downloaded https://maven.pkg.jetbrains.space/public/p/compose/dev/org/jetbrains/compose/runtime/runtime-desktop/1.6.10-dev1549/runtime-desktop-1.6.10-dev1549.pom for the dependency org.jetbrains.compose.runtime:runtime-desktop:1.6.10-dev1549
00:11.826 DEBUG :shared:resolveDependenciesJvm DependencyFile            Not found URL: https://maven.pkg.jetbrains.space/public/p/compose/dev/org/jetbrains/compose/runtime/runtime-desktop/1.6.10-dev1549/runtime-desktop-1.6.10-dev1549.pom.sha512
00:11.983 DEBUG :shared:resolveDependenciesJvm DependencyFile            Downloaded https://maven.pkg.jetbrains.space/public/p/compose/dev/org/jetbrains/compose/runtime/runtime-desktop/1.6.10-dev1549/runtime-desktop-1.6.10-dev1549.pom.sha256 for the dependency org.jetbrains.compose.runtime:runtime-desktop:1.6.10-dev1549
00:12.037 DEBUG :shared:resolveDependenciesJvm DependencyFile            Not found URL: https://repo1.maven.org/maven2/org/jetbrains/compose/runtime/runtime-desktop/1.6.10-dev1549/runtime-desktop-1.6.10-dev1549.module
00:12.172 DEBUG :shared:resolveDependenciesJvm DependencyFile            Not found URL: https://maven.google.com/org/jetbrains/compose/runtime/runtime-desktop/1.6.10-dev1549/runtime-desktop-1.6.10-dev1549.module
00:12.420 DEBUG :shared:resolveDependenciesJvm DependencyFile            Downloaded https://maven.pkg.jetbrains.space/public/p/compose/dev/org/jetbrains/compose/runtime/runtime-desktop/1.6.10-dev1549/runtime-desktop-1.6.10-dev1549.module for the dependency org.jetbrains.compose.runtime:runtime-desktop:1.6.10-dev1549
00:12.573 DEBUG :shared:resolveDependenciesJvm DependencyFile            Downloaded https://maven.pkg.jetbrains.space/public/p/compose/dev/org/jetbrains/compose/runtime/runtime-desktop/1.6.10-dev1549/runtime-desktop-1.6.10-dev1549.module.sha512 for the dependency org.jetbrains.compose.runtime:runtime-desktop:1.6.10-dev1549
00:12.631 DEBUG :shared:resolveDependenciesJvm DependencyFile            Not found URL: https://repo1.maven.org/maven2/org/jetbrains/compose/foundation/foundation-desktop/1.6.10-dev1549/foundation-desktop-1.6.10-dev1549.jar
00:12.634 DEBUG :shared:resolveDependenciesJvm DependencyFile            Not found URL: https://repo1.maven.org/maven2/org/jetbrains/compose/runtime/runtime-desktop/1.6.10-dev1549/runtime-desktop-1.6.10-dev1549.jar
00:12.636 DEBUG :shared:resolveDependenciesJvm DependencyFile            Not found URL: https://repo1.maven.org/maven2/org/jetbrains/compose/ui/ui/1.6.10-dev1549/ui-1.6.10-dev1549.jar
00:12.640 DEBUG :shared:resolveDependenciesJvm DependencyFile            Not found URL: https://repo1.maven.org/maven2/org/jetbrains/compose/animation/animation/1.6.10-dev1549/animation-1.6.10-dev1549.jar
00:12.739 DEBUG :shared:resolveDependenciesJvm DependencyFile            Not found URL: https://repo1.maven.org/maven2/org/jetbrains/jewel/jewel-foundation/0.15.2/jewel-foundation-0.15.2.jar
00:12.758 DEBUG :shared:resolveDependenciesJvm DependencyFile            Not found URL: https://repo1.maven.org/maven2/org/jetbrains/jewel/jewel-int-ui-standalone/0.15.2/jewel-int-ui-standalone-0.15.2.jar
00:12.772 DEBUG :shared:resolveDependenciesJvm DependencyFile            Not found URL: https://maven.google.com/org/jetbrains/compose/foundation/foundation-desktop/1.6.10-dev1549/foundation-desktop-1.6.10-dev1549.jar
00:12.778 DEBUG :shared:resolveDependenciesJvm DependencyFile            Not found URL: https://maven.google.com/org/jetbrains/compose/animation/animation/1.6.10-dev1549/animation-1.6.10-dev1549.jar
00:12.779 DEBUG :shared:resolveDependenciesJvm DependencyFile            Not found URL: https://maven.google.com/org/jetbrains/compose/ui/ui/1.6.10-dev1549/ui-1.6.10-dev1549.jar
00:12.786 DEBUG :shared:resolveDependenciesJvm DependencyFile            Not found URL: https://maven.google.com/org/jetbrains/compose/runtime/runtime-desktop/1.6.10-dev1549/runtime-desktop-1.6.10-dev1549.jar
00:12.795 DEBUG :shared:resolveDependenciesJvm DependencyFile            Not found URL: https://repo1.maven.org/maven2/org/jetbrains/jewel/jewel-ui/0.15.2/jewel-ui-0.15.2.jar
00:12.874 DEBUG :shared:resolveDependenciesJvm DependencyFile            Not found URL: https://maven.google.com/org/jetbrains/jewel/jewel-foundation/0.15.2/jewel-foundation-0.15.2.jar
00:12.891 DEBUG :shared:resolveDependenciesJvm DependencyFile            Not found URL: https://maven.google.com/org/jetbrains/jewel/jewel-int-ui-standalone/0.15.2/jewel-int-ui-standalone-0.15.2.jar
00:12.934 DEBUG :shared:resolveDependenciesJvm DependencyFile            Not found URL: https://maven.google.com/org/jetbrains/jewel/jewel-ui/0.15.2/jewel-ui-0.15.2.jar
00:12.981 DEBUG :shared:resolveDependenciesJvm DependencyFile            Downloaded https://maven.pkg.jetbrains.space/public/p/compose/dev/org/jetbrains/compose/animation/animation/1.6.10-dev1549/animation-1.6.10-dev1549.jar for the dependency org.jetbrains.compose.animation:animation:1.6.10-dev1549
00:13.007 DEBUG :shared:resolveDependenciesJvm DependencyFile            Not found URL: https://maven.pkg.jetbrains.space/public/p/compose/dev/org/jetbrains/jewel/jewel-foundation/0.15.2/jewel-foundation-0.15.2.jar
00:13.023 DEBUG :shared:resolveDependenciesJvm DependencyFile            Downloaded https://maven.pkg.jetbrains.space/public/p/compose/dev/org/jetbrains/compose/ui/ui/1.6.10-dev1549/ui-1.6.10-dev1549.jar for the dependency org.jetbrains.compose.ui:ui:1.6.10-dev1549
00:13.024 DEBUG :shared:resolveDependenciesJvm DependencyFile            Not found URL: https://maven.pkg.jetbrains.space/public/p/compose/dev/org/jetbrains/jewel/jewel-int-ui-standalone/0.15.2/jewel-int-ui-standalone-0.15.2.jar
00:13.063 DEBUG :shared:resolveDependenciesJvm DependencyFile            Not found URL: https://maven.pkg.jetbrains.space/public/p/compose/dev/org/jetbrains/jewel/jewel-ui/0.15.2/jewel-ui-0.15.2.jar
00:13.152 DEBUG :shared:resolveDependenciesJvm DependencyFile            Downloaded https://maven.pkg.jetbrains.space/public/p/compose/dev/org/jetbrains/compose/animation/animation/1.6.10-dev1549/animation-1.6.10-dev1549.jar.sha512 for the dependency org.jetbrains.compose.animation:animation:1.6.10-dev1549
00:13.190 DEBUG :shared:resolveDependenciesJvm DependencyFile            Downloaded https://maven.pkg.jetbrains.space/public/p/compose/dev/org/jetbrains/compose/runtime/runtime-desktop/1.6.10-dev1549/runtime-desktop-1.6.10-dev1549.jar for the dependency org.jetbrains.compose.runtime:runtime-desktop:1.6.10-dev1549
00:13.209 DEBUG :shared:resolveDependenciesJvm DependencyFile            Downloaded https://maven.pkg.jetbrains.space/public/p/compose/dev/org/jetbrains/compose/ui/ui/1.6.10-dev1549/ui-1.6.10-dev1549.jar.sha512 for the dependency org.jetbrains.compose.ui:ui:1.6.10-dev1549
00:13.313 DEBUG :shared:resolveDependenciesJvm DependencyFile            Downloaded https://maven.pkg.jetbrains.space/public/p/compose/dev/org/jetbrains/compose/foundation/foundation-desktop/1.6.10-dev1549/foundation-desktop-1.6.10-dev1549.jar for the dependency org.jetbrains.compose.foundation:foundation-desktop:1.6.10-dev1549
00:13.745 DEBUG :shared:resolveDependenciesJvm DependencyFile            Downloaded https://packages.jetbrains.team/maven/p/kpm/public/org/jetbrains/jewel/jewel-foundation/0.15.2/jewel-foundation-0.15.2.jar for the dependency org.jetbrains.jewel:jewel-foundation:0.15.2
00:13.829 DEBUG :shared:resolveDependenciesJvm DependencyFile            Downloaded https://packages.jetbrains.team/maven/p/kpm/public/org/jetbrains/jewel/jewel-ui/0.15.2/jewel-ui-0.15.2.jar for the dependency org.jetbrains.jewel:jewel-ui:0.15.2
00:14.044 DEBUG :shared:resolveDependenciesJvm DependencyFile            Downloaded https://packages.jetbrains.team/maven/p/kpm/public/org/jetbrains/jewel/jewel-int-ui-standalone/0.15.2/jewel-int-ui-standalone-0.15.2.jar for the dependency org.jetbrains.jewel:jewel-int-ui-standalone:0.15.2
00:14.052 ERROR :shared:resolveDependenciesJvm MavenResolver             Hashes don't match for sha512 (expected: fa0105db6d36cf3769003e9d4617ca22c029912f993e4c31b71e9d17e02375a505d2696c6014f6f2f9b0a4e19d76485217cf6edca8149675f391e7e552f8dc96, actual: 37ba0c0b39cbdd6e8c1dd3ce3ec5f9d7db1ed2315f98ca0be7d7b0e852f54de125ac5b802b4b793d1854e4b8a92a6385db6b13b2c752ea1da07c0f407ff841bf)
00:14.052 ERROR :shared:resolveDependenciesJvm MavenResolver             Pom provided but metadata required for org.jetbrains.compose.animation:animation:1.6.10-dev1549 ([https://repo1.maven.org/maven2, https://maven.google.com, https://maven.pkg.jetbrains.space/public/p/compose/dev, https://packages.jetbrains.team/maven/p/kpm/public/])
00:14.052 ERROR :shared:resolveDependenciesJvm MavenResolver             Hashes don't match for sha512 (expected: 9b5db82876db5c99375fe9d2eb64a4744271e2a9f87388f006b09932fff66761f5831fc449f0b1277846e1f206a3fb346cad105bc83b708fddff2bff6186cb6e, actual: 83f8a3911cedfa09c412ff73b272055588c99e8867a9f17b43de7239887f48f1ecae3958719fad1782f5e0e4a02d5b3779180ed5ee21b982f997dc8ce8aa3d5e)
00:14.052 ERROR :shared:resolveDependenciesJvm MavenResolver             Pom provided but metadata required for org.jetbrains.compose.ui:ui:1.6.10-dev1549 ([https://repo1.maven.org/maven2, https://maven.google.com, https://maven.pkg.jetbrains.space/public/p/compose/dev, https://packages.jetbrains.team/maven/p/kpm/public/])
00:14.056 ERROR :shared:resolveDependenciesJvm ResolveExternalDependenciesTask resolve dependencies of module 'shared' failed
fragments: jvm
repositories:
  https://repo1.maven.org/maven2
  https://maven.google.com
  https://maven.pkg.jetbrains.space/public/p/compose/dev
  https://packages.jetbrains.team/maven/p/kpm/public/
direct dependencies:
  io.ktor:ktor-client-cio:2.3.11
  io.ktor:ktor-client-content-negotiation:2.3.11
  io.ktor:ktor-client-core:2.3.11
  io.ktor:ktor-serialization-kotlinx-json:2.3.11
  org.jetbrains.compose.foundation:foundation:1.6.10
  org.jetbrains.jewel:jewel-int-ui-standalone:0.15.2
  org.jetbrains.kotlin:kotlin-stdlib:2.0.0
  org.jetbrains.kotlinx:kotlinx-serialization-json:1.5.1
exported dependencies:
  
platform: JVM: org.jetbrains.amper.cli.UserReadableError: Unable to resolve dependencies for module shared:

Hashes don't match for sha512 (expected: fa0105db6d36cf3769003e9d4617ca22c029912f993e4c31b71e9d17e02375a505d2696c6014f6f2f9b0a4e19d76485217cf6edca8149675f391e7e552f8dc96, actual: 37ba0c0b39cbdd6e8c1dd3ce3ec5f9d7db1ed2315f98ca0be7d7b0e852f54de125ac5b802b4b793d1854e4b8a92a6385db6b13b2c752ea1da07c0f407ff841bf)
Pom provided but metadata required for org.jetbrains.compose.animation:animation:1.6.10-dev1549 ([https://repo1.maven.org/maven2, https://maven.google.com, https://maven.pkg.jetbrains.space/public/p/compose/dev, https://packages.jetbrains.team/maven/p/kpm/public/])
Hashes don't match for sha512 (expected: 9b5db82876db5c99375fe9d2eb64a4744271e2a9f87388f006b09932fff66761f5831fc449f0b1277846e1f206a3fb346cad105bc83b708fddff2bff6186cb6e, actual: 83f8a3911cedfa09c412ff73b272055588c99e8867a9f17b43de7239887f48f1ecae3958719fad1782f5e0e4a02d5b3779180ed5ee21b982f997dc8ce8aa3d5e)
Pom provided but metadata required for org.jetbrains.compose.ui:ui:1.6.10-dev1549 ([https://repo1.maven.org/maven2, https://maven.google.com, https://maven.pkg.jetbrains.space/public/p/compose/dev, https://packages.jetbrains.team/maven/p/kpm/public/])
	at org.jetbrains.amper.cli.UserReadableErrorKt.userReadableError(UserReadableError.kt:12)
	at org.jetbrains.amper.resolver.MavenResolver.resolve(MavenResolver.kt:122)
	at org.jetbrains.amper.resolver.MavenResolver$resolve$1.invokeSuspend(MavenResolver.kt)
	at _COROUTINE._BOUNDARY._(CoroutineDebugging.kt:42)
	at org.jetbrains.amper.util.ExecuteOnChangedInputs$execute$$inlined$useWithScope$1.invokeSuspend(ExecuteOnChangedInputs.kt:79)
	at org.jetbrains.amper.tasks.ResolveExternalDependenciesTask$run$$inlined$useWithScope$1.invokeSuspend(ResolveExternalDependenciesTask.kt:89)
	at org.jetbrains.amper.engine.TaskExecutor$runTask$2$runTask$3$1.invokeSuspend(TaskExecutor.kt:92)
	at org.jetbrains.amper.engine.TaskExecutor$runTask$2.invokeSuspend$runTask(TaskExecutor.kt:91)
	at org.jetbrains.amper.engine.TaskExecutor$runTask$2$2$1$invokeSuspend$$inlined$useWithScope$1.invokeSuspend(TaskExecutor.kt:72)
	at org.jetbrains.amper.engine.TaskExecutor$runTask$2$2$1.invokeSuspend(TaskExecutor.kt:162)
	at org.jetbrains.amper.engine.TaskExecutor$runTask$2$2.invokeSuspend(TaskExecutor.kt:122)
	at org.jetbrains.amper.engine.TaskExecutor$runTask$2.invokeSuspend(TaskExecutor.kt:98)
	at org.jetbrains.amper.engine.TaskExecutor.runTask-yxL6bBk(TaskExecutor.kt:69)
	at org.jetbrains.amper.engine.TaskExecutor$runTask$2$2$results$1$1$newDeferred$1.invokeSuspend(TaskExecutor.kt:107)
Caused by: org.jetbrains.amper.cli.UserReadableError: Unable to resolve dependencies for module shared:

Hashes don't match for sha512 (expected: fa0105db6d36cf3769003e9d4617ca22c029912f993e4c31b71e9d17e02375a505d2696c6014f6f2f9b0a4e19d76485217cf6edca8149675f391e7e552f8dc96, actual: 37ba0c0b39cbdd6e8c1dd3ce3ec5f9d7db1ed2315f98ca0be7d7b0e852f54de125ac5b802b4b793d1854e4b8a92a6385db6b13b2c752ea1da07c0f407ff841bf)
Pom provided but metadata required for org.jetbrains.compose.animation:animation:1.6.10-dev1549 ([https://repo1.maven.org/maven2, https://maven.google.com, https://maven.pkg.jetbrains.space/public/p/compose/dev, https://packages.jetbrains.team/maven/p/kpm/public/])
Hashes don't match for sha512 (expected: 9b5db82876db5c99375fe9d2eb64a4744271e2a9f87388f006b09932fff66761f5831fc449f0b1277846e1f206a3fb346cad105bc83b708fddff2bff6186cb6e, actual: 83f8a3911cedfa09c412ff73b272055588c99e8867a9f17b43de7239887f48f1ecae3958719fad1782f5e0e4a02d5b3779180ed5ee21b982f997dc8ce8aa3d5e)
Pom provided but metadata required for org.jetbrains.compose.ui:ui:1.6.10-dev1549 ([https://repo1.maven.org/maven2, https://maven.google.com, https://maven.pkg.jetbrains.space/public/p/compose/dev, https://packages.jetbrains.team/maven/p/kpm/public/])
	at org.jetbrains.amper.cli.UserReadableErrorKt.userReadableError(UserReadableError.kt:12)
	at org.jetbrains.amper.resolver.MavenResolver.resolve(MavenResolver.kt:122)
	at org.jetbrains.amper.resolver.MavenResolver$resolve$1.invokeSuspend(MavenResolver.kt)
	at kotlin.coroutines.jvm.internal.BaseContinuationImpl.resumeWith(ContinuationImpl.kt:33)
	at kotlinx.coroutines.DispatchedTask.run(DispatchedTask.kt:104)
	at kotlinx.coroutines.internal.LimitedDispatcher$Worker.run(LimitedDispatcher.kt:111)
	at kotlinx.coroutines.scheduling.TaskImpl.run(Tasks.kt:99)
	at kotlinx.coroutines.scheduling.CoroutineScheduler.runSafely(CoroutineScheduler.kt:585)
	at kotlinx.coroutines.scheduling.CoroutineScheduler$Worker.executeTask(CoroutineScheduler.kt:802)
	at kotlinx.coroutines.scheduling.CoroutineScheduler$Worker.runWorker(CoroutineScheduler.kt:706)
	at kotlinx.coroutines.scheduling.CoroutineScheduler$Worker.run(CoroutineScheduler.kt:693)
