JetBrains Amper version 0.3.1+b6fbf1d
running on Mac OS X 14.5 jvm arch aarch64

00:01.586 DEBUG :jvm-app:resolveDependenciesJvm ResolveExternalDependenciesTask resolve dependencies jvm-app -- jvm -- org.jetbrains.compose.desktop:desktop-jvm-macos-arm64:1.6.10 org.jetbrains.kotlin:kotlin-stdlib:2.0.0 --  -- resolvePlatform=jvm nativeTarget=null
00:01.586 DEBUG :shared:resolveDependenciesJvm ResolveExternalDependenciesTask resolve dependencies shared -- jvm -- io.ktor:ktor-client-cio:2.3.11 io.ktor:ktor-client-content-negotiation:2.3.11 io.ktor:ktor-client-core:2.3.11 io.ktor:ktor-serialization-kotlinx-json:2.3.11 org.jetbrains.compose.foundation:foundation:1.6.10 org.jetbrains.compose.material3:material3:1.6.10 org.jetbrains.kotlin:kotlin-stdlib:2.0.0 org.jetbrains.kotlinx:kotlinx-serialization-json:1.5.1 --  -- resolvePlatform=jvm nativeTarget=null
00:01.611 DEBUG :jvm-app:resolveDependenciesJvm ExecuteOnChangedInputs    INC: up-to-date according to state file at '/Users/charlie/Documents/dev/centyllion/BlackMagicRestControlUI/build/incremental.state/_jvm_app_resolveDependenciesJvm-6e72cf371b' in 16.527959ms
00:01.611 DEBUG :shared:resolveDependenciesJvm ExecuteOnChangedInputs    INC: up-to-date according to state file at '/Users/charlie/Documents/dev/centyllion/BlackMagicRestControlUI/build/incremental.state/_shared_resolveDependenciesJvm-48ecb3424a' in 16.527917ms
00:01.611 INFO  :jvm-app:resolveDependenciesJvm ExecuteOnChangedInputs    ':jvm-app:resolveDependenciesJvm' is up-to-date
00:01.611 INFO  :shared:resolveDependenciesJvm ExecuteOnChangedInputs    ':shared:resolveDependenciesJvm' is up-to-date
00:01.622 DEBUG :shared:resolveDependenciesJvm ResolveExternalDependenciesTask resolve dependencies shared -- jvm -- io.ktor:ktor-client-core:2.3.11 io.ktor:ktor-client-cio:2.3.11 io.ktor:ktor-client-content-negotiation:2.3.11 io.ktor:ktor-serialization-kotlinx-json:2.3.11 org.jetbrains.compose.foundation:foundation:1.6.10 org.jetbrains.compose.material3:material3:1.6.10 org.jetbrains.kotlin:kotlin-stdlib:2.0.0 org.jetbrains.kotlinx:kotlinx-serialization-json:1.5.1 -- resolvePlatform=JVM nativeTarget=null
https://repo1.maven.org/maven2 https://maven.google.com https://maven.pkg.jetbrains.space/public/p/compose/dev resolved to:
  .m2.cache/org/jetbrains/kotlin/kotlin-stdlib/2.0.0/kotlin-stdlib-2.0.0.jar
  .m2.cache/io/ktor/ktor-client-core-jvm/2.3.11/ktor-client-core-jvm-2.3.11.jar
  .m2.cache/io/ktor/ktor-client-cio-jvm/2.3.11/ktor-client-cio-jvm-2.3.11.jar
  .m2.cache/io/ktor/ktor-client-content-negotiation-jvm/2.3.11/ktor-client-content-negotiation-jvm-2.3.11.jar
  .m2.cache/io/ktor/ktor-serialization-kotlinx-json-jvm/2.3.11/ktor-serialization-kotlinx-json-jvm-2.3.11.jar
  .m2.cache/org/jetbrains/compose/foundation/foundation-desktop/1.6.10/foundation-desktop-1.6.10.jar
  .m2.cache/org/jetbrains/compose/material3/material3-desktop/1.6.10/material3-desktop-1.6.10.jar
  .m2.cache/org/jetbrains/annotations/23.0.0/annotations-23.0.0.jar
  .m2.cache/org/jetbrains/kotlinx/kotlinx-serialization-json-jvm/1.5.1/kotlinx-serialization-json-jvm-1.5.1.jar
  .m2.cache/org/jetbrains/kotlin/kotlin-stdlib-jdk7/1.8.22/kotlin-stdlib-jdk7-1.8.22.jar
  .m2.cache/org/jetbrains/kotlin/kotlin-stdlib-jdk8/1.8.22/kotlin-stdlib-jdk8-1.8.22.jar
  .m2.cache/org/jetbrains/kotlinx/kotlinx-coroutines-jdk8/1.7.1/kotlinx-coroutines-jdk8-1.7.1.jar
  .m2.cache/org/slf4j/slf4j-api/1.7.36/slf4j-api-1.7.36.jar
  .m2.cache/org/jetbrains/kotlin/kotlin-stdlib-common/1.8.22/kotlin-stdlib-common-1.8.22.jar
  .m2.cache/org/jetbrains/kotlinx/kotlinx-coroutines-core-jvm/1.8.0/kotlinx-coroutines-core-jvm-1.8.0.jar
  .m2.cache/io/ktor/ktor-http-jvm/2.3.11/ktor-http-jvm-2.3.11.jar
  .m2.cache/io/ktor/ktor-events-jvm/2.3.11/ktor-events-jvm-2.3.11.jar
  .m2.cache/io/ktor/ktor-websocket-serialization-jvm/2.3.11/ktor-websocket-serialization-jvm-2.3.11.jar
  .m2.cache/io/ktor/ktor-http-cio-jvm/2.3.11/ktor-http-cio-jvm-2.3.11.jar
  .m2.cache/io/ktor/ktor-websockets-jvm/2.3.11/ktor-websockets-jvm-2.3.11.jar
  .m2.cache/io/ktor/ktor-network-tls-jvm/2.3.11/ktor-network-tls-jvm-2.3.11.jar
  .m2.cache/io/ktor/ktor-serialization-jvm/2.3.11/ktor-serialization-jvm-2.3.11.jar
  .m2.cache/io/ktor/ktor-serialization-kotlinx-jvm/2.3.11/ktor-serialization-kotlinx-jvm-2.3.11.jar
  .m2.cache/org/jetbrains/compose/animation/animation-desktop/1.6.10/animation-desktop-1.6.10.jar
  .m2.cache/org/jetbrains/compose/runtime/runtime-desktop/1.6.10/runtime-desktop-1.6.10.jar
  .m2.cache/org/jetbrains/compose/ui/ui-desktop/1.6.10/ui-desktop-1.6.10.jar
  .m2.cache/org/jetbrains/skiko/skiko-awt/0.8.4/skiko-awt-0.8.4.jar
  .m2.cache/org/jetbrains/compose/material/material-icons-core-desktop/1.6.10/material-icons-core-desktop-1.6.10.jar
  .m2.cache/org/jetbrains/compose/material/material-ripple-desktop/1.6.10/material-ripple-desktop-1.6.10.jar
  .m2.cache/org/jetbrains/compose/ui/ui-graphics-desktop/1.6.10/ui-graphics-desktop-1.6.10.jar
  .m2.cache/org/jetbrains/compose/ui/ui-text-desktop/1.6.10/ui-text-desktop-1.6.10.jar
  .m2.cache/org/jetbrains/kotlinx/kotlinx-serialization-core-jvm/1.5.1/kotlinx-serialization-core-jvm-1.5.1.jar
  .m2.cache/io/ktor/ktor-utils-jvm/2.3.11/ktor-utils-jvm-2.3.11.jar
  .m2.cache/io/ktor/ktor-network-jvm/2.3.11/ktor-network-jvm-2.3.11.jar
  .m2.cache/org/jetbrains/compose/animation/animation-core-desktop/1.6.10/animation-core-desktop-1.6.10.jar
  .m2.cache/org/jetbrains/compose/foundation/foundation-layout-desktop/1.6.10/foundation-layout-desktop-1.6.10.jar
  .m2.cache/org/jetbrains/compose/ui/ui-geometry-desktop/1.6.10/ui-geometry-desktop-1.6.10.jar
  .m2.cache/org/jetbrains/compose/runtime/runtime-saveable-desktop/1.6.10/runtime-saveable-desktop-1.6.10.jar
  .m2.cache/org/jetbrains/compose/ui/ui-unit-desktop/1.6.10/ui-unit-desktop-1.6.10.jar
  .m2.cache/org/jetbrains/compose/ui/ui-util-desktop/1.6.10/ui-util-desktop-1.6.10.jar
  .m2.cache/io/ktor/ktor-io-jvm/2.3.11/ktor-io-jvm-2.3.11.jar
00:01.622 DEBUG :jvm-app:resolveDependenciesJvm ResolveExternalDependenciesTask resolve dependencies jvm-app -- jvm -- org.jetbrains.compose.desktop:desktop-jvm-macos-arm64:1.6.10 org.jetbrains.kotlin:kotlin-stdlib:2.0.0 -- resolvePlatform=JVM nativeTarget=null
https://repo1.maven.org/maven2 https://maven.google.com https://maven.pkg.jetbrains.space/public/p/compose/dev resolved to:
  .m2.cache/org/jetbrains/kotlin/kotlin-stdlib/2.0.0/kotlin-stdlib-2.0.0.jar
  .m2.cache/org/jetbrains/annotations/23.0.0/annotations-23.0.0.jar
  .m2.cache/org/jetbrains/compose/desktop/desktop-jvm/1.6.10/desktop-jvm-1.6.10.jar
  .m2.cache/org/jetbrains/compose/foundation/foundation-desktop/1.6.10/foundation-desktop-1.6.10.jar
  .m2.cache/org/jetbrains/compose/material/material-desktop/1.6.10/material-desktop-1.6.10.jar
  .m2.cache/org/jetbrains/compose/runtime/runtime-desktop/1.6.10/runtime-desktop-1.6.10.jar
  .m2.cache/org/jetbrains/compose/ui/ui-desktop/1.6.10/ui-desktop-1.6.10.jar
  .m2.cache/org/jetbrains/compose/ui/ui-tooling-preview-desktop/1.6.10/ui-tooling-preview-desktop-1.6.10.jar
  .m2.cache/org/jetbrains/compose/animation/animation-desktop/1.6.10/animation-desktop-1.6.10.jar
  .m2.cache/org/jetbrains/skiko/skiko-awt/0.8.4/skiko-awt-0.8.4.jar
  .m2.cache/org/jetbrains/compose/animation/animation-core-desktop/1.6.10/animation-core-desktop-1.6.10.jar
  .m2.cache/org/jetbrains/compose/material/material-icons-core-desktop/1.6.10/material-icons-core-desktop-1.6.10.jar
  .m2.cache/org/jetbrains/compose/material/material-ripple-desktop/1.6.10/material-ripple-desktop-1.6.10.jar
  .m2.cache/org/jetbrains/compose/ui/ui-text-desktop/1.6.10/ui-text-desktop-1.6.10.jar
  .m2.cache/org/jetbrains/kotlinx/kotlinx-coroutines-core-jvm/1.8.0/kotlinx-coroutines-core-jvm-1.8.0.jar
  .m2.cache/org/jetbrains/compose/runtime/runtime-saveable-desktop/1.6.10/runtime-saveable-desktop-1.6.10.jar
  .m2.cache/org/jetbrains/compose/ui/ui-geometry-desktop/1.6.10/ui-geometry-desktop-1.6.10.jar
  .m2.cache/org/jetbrains/compose/ui/ui-graphics-desktop/1.6.10/ui-graphics-desktop-1.6.10.jar
  .m2.cache/org/jetbrains/compose/ui/ui-unit-desktop/1.6.10/ui-unit-desktop-1.6.10.jar
  .m2.cache/org/jetbrains/compose/ui/ui-util-desktop/1.6.10/ui-util-desktop-1.6.10.jar
  .m2.cache/org/jetbrains/compose/foundation/foundation-layout-desktop/1.6.10/foundation-layout-desktop-1.6.10.jar
00:01.628 DEBUG :shared:compileJvm        JvmCompileTask            compile shared -- jvm
00:01.646 DEBUG :shared:compileJvm        ExtractKt                 Skipping extract to /Users/charlie/Library/Caches/Amper/extract.cache/34yizgofu6-amazon-corretto-21.0.1.12.1-macosx-aarch64.tar.gz.18schu.d since flag file /Users/charlie/Library/Caches/Amper/extract.cache/34yizgofu6-amazon-corretto-21.0.1.12.1-macosx-aarch64.tar.gz.18schu.d.flag is correct
00:01.659 DEBUG :shared:compileJvm        ExecuteOnChangedInputs    INC: up-to-date according to state file at '/Users/charlie/Documents/dev/centyllion/BlackMagicRestControlUI/build/incremental.state/_shared_compileJvm-0cf1dbbf84' in 4.720125ms
00:01.659 INFO  :shared:compileJvm        ExecuteOnChangedInputs    ':shared:compileJvm' is up-to-date
00:01.664 DEBUG :jvm-app:compileJvm       JvmCompileTask            compile jvm-app -- jvm
00:01.666 DEBUG :jvm-app:compileJvm       ExtractKt                 Skipping extract to /Users/charlie/Library/Caches/Amper/extract.cache/34yizgofu6-amazon-corretto-21.0.1.12.1-macosx-aarch64.tar.gz.18schu.d since flag file /Users/charlie/Library/Caches/Amper/extract.cache/34yizgofu6-amazon-corretto-21.0.1.12.1-macosx-aarch64.tar.gz.18schu.d.flag is correct
00:01.669 DEBUG :jvm-app:compileJvm       ExecuteOnChangedInputs    INC: up-to-date according to state file at '/Users/charlie/Documents/dev/centyllion/BlackMagicRestControlUI/build/incremental.state/_jvm_app_compileJvm-b35b2fb1e5' in 2.585666ms
00:01.669 INFO  :jvm-app:compileJvm       ExecuteOnChangedInputs    ':jvm-app:compileJvm' is up-to-date
